app/seeds.txt
com.xavey.android.ApplicationValues$LOGIN_TYPE: com.xavey.android.ApplicationValues$LOGIN_TYPE[] values()
com.xavey.android.ApplicationValues$LOGIN_TYPE: com.xavey.android.ApplicationValues$LOGIN_TYPE valueOf(java.lang.String)
com.xavey.android.CustomViewPager: void setPagingEnabled(boolean)
com.xavey.android.DocumentInputActivity
com.xavey.android.DocumentInputActivity: DocumentInputActivity()
com.xavey.android.LoginActivity
com.xavey.android.LoginActivity: LoginActivity()
com.xavey.android.MainActivity
com.xavey.android.MainActivity: MainActivity()
com.xavey.android.OneQuestionOneView
com.xavey.android.OneQuestionOneView: OneQuestionOneView()
com.xavey.android.R$color: int white
com.xavey.android.R$dimen: int activity_horizontal_margin
com.xavey.android.R$dimen: int activity_vertical_margin
com.xavey.android.R$drawable: int about
com.xavey.android.R$drawable: int button_border
com.xavey.android.R$drawable: int check_blue
com.xavey.android.R$drawable: int check_grey
com.xavey.android.R$drawable: int checked
com.xavey.android.R$drawable: int circle_green
com.xavey.android.R$drawable: int circle_green2
com.xavey.android.R$drawable: int csv
com.xavey.android.R$drawable: int csv_black
com.xavey.android.R$drawable: int csv_large_icon
com.xavey.android.R$drawable: int csv_small_icon
com.xavey.android.R$drawable: int datetime_background
com.xavey.android.R$drawable: int edittext_style
com.xavey.android.R$drawable: int form_icon_1
com.xavey.android.R$drawable: int form_icon_2
com.xavey.android.R$drawable: int form_icon_3
com.xavey.android.R$drawable: int form_icon_gray
com.xavey.android.R$drawable: int form_icon_small
com.xavey.android.R$drawable: int grid_item_border
com.xavey.android.R$drawable: int history
com.xavey.android.R$drawable: int home
com.xavey.android.R$drawable: int ic_blue_alert_dialog
com.xavey.android.R$drawable: int ic_drawer
com.xavey.android.R$drawable: int ic_launcher
com.xavey.android.R$drawable: int ic_menu_refresh
com.xavey.android.R$drawable: int imageview_rounded
com.xavey.android.R$drawable: int linear_layout_ui
com.xavey.android.R$drawable: int logout
com.xavey.android.R$drawable: int orkut
com.xavey.android.R$drawable: int rounded_edittext
com.xavey.android.R$drawable: int setting
com.xavey.android.R$drawable: int submit_button_border
com.xavey.android.R$id: int TextView01
com.xavey.android.R$id: int about_form_x
com.xavey.android.R$id: int action_settings
com.xavey.android.R$id: int app_menuRefresh
com.xavey.android.R$id: int audio_path
com.xavey.android.R$id: int available_state
com.xavey.android.R$id: int btnCancelSignature
com.xavey.android.R$id: int btnClearSignature
com.xavey.android.R$id: int btnExport_csv_export_fragment
com.xavey.android.R$id: int btnExport_form_report_row_item
com.xavey.android.R$id: int btnLogin
com.xavey.android.R$id: int btnOKSignature
com.xavey.android.R$id: int btnStart
com.xavey.android.R$id: int btnSubmit_form_detail
com.xavey.android.R$id: int cancel
com.xavey.android.R$id: int checkbox_value
com.xavey.android.R$id: int content_frame
com.xavey.android.R$id: int custom_toast_layout_id
com.xavey.android.R$id: int dataset_error_message
com.xavey.android.R$id: int dataset_extra
com.xavey.android.R$id: int dataset_field_skip
com.xavey.android.R$id: int dataset_label
com.xavey.android.R$id: int dataset_max_range
com.xavey.android.R$id: int dataset_value
com.xavey.android.R$id: int dataset_values
com.xavey.android.R$id: int documentSubmitButton
com.xavey.android.R$id: int drawerItemLayout
com.xavey.android.R$id: int drawer_itemName
com.xavey.android.R$id: int drawer_layout
com.xavey.android.R$id: int edDocumentName
com.xavey.android.R$id: int editTextDialogUserInput
com.xavey.android.R$id: int edtName
com.xavey.android.R$id: int edtPwd
com.xavey.android.R$id: int extra
...
android.support.v4.view.PagerTabStrip: void setTabIndicatorColor(int)
android.support.v4.view.PagerTabStrip: void setTabIndicatorColorResource(int)
android.support.v4.view.PagerTabStrip: int getTabIndicatorColor()
android.support.v4.view.PagerTabStrip: void setTextSpacing(int)
android.support.v4.view.PagerTabStrip: void setBackgroundDrawable(android.graphics.drawable.Drawable)
android.support.v4.view.PagerTabStrip: void setBackgroundColor(int)
android.support.v4.view.PagerTabStrip: void setBackgroundResource(int)
android.support.v4.view.PagerTabStrip: void setDrawFullUnderline(boolean)
android.support.v4.view.PagerTabStrip: boolean getDrawFullUnderline()
android.support.v4.view.PagerTabStrip: int getMinHeight()
android.support.v4.view.PagerTitleStrip: void setSingleLineAllCaps(android.widget.TextView)
android.support.v4.view.PagerTitleStrip: void setTextSpacing(int)
android.support.v4.view.PagerTitleStrip: int getTextSpacing()
android.support.v4.view.PagerTitleStrip: void setNonPrimaryAlpha(float)
android.support.v4.view.PagerTitleStrip: void setTextColor(int)
android.support.v4.view.PagerTitleStrip: void setGravity(int)
android.support.v4.view.PagerTitleStrip: int getMinHeight()
android.support.v4.view.ViewPager
android.support.v4.view.ViewPager: ViewPager(android.content.Context)
android.support.v4.view.ViewPager: ViewPager(android.content.Context,android.util.AttributeSet)
android.support.v4.view.ViewPager: void setScrollState(int)
android.support.v4.view.ViewPager: void setAdapter(android.support.v4.view.PagerAdapter)
android.support.v4.view.ViewPager: android.support.v4.view.PagerAdapter getAdapter()
android.support.v4.view.ViewPager: void setOnAdapterChangeListener(android.support.v4.view.ViewPager$OnAdapterChangeListener)
android.support.v4.view.ViewPager: int getClientWidth()
android.support.v4.view.ViewPager: void setCurrentItem(int)
android.support.v4.view.ViewPager: int getCurrentItem()
android.support.v4.view.ViewPager: void setOnPageChangeListener(android.support.v4.view.ViewPager$OnPageChangeListener)
android.support.v4.view.ViewPager: void setChildrenDrawingOrderEnabledCompat(boolean)
android.support.v4.view.ViewPager: int getOffscreenPageLimit()
android.support.v4.view.ViewPager: void setOffscreenPageLimit(int)
android.support.v4.view.ViewPager: void setPageMargin(int)
android.support.v4.view.ViewPager: int getPageMargin()
android.support.v4.view.ViewPager: void setPageMarginDrawable(android.graphics.drawable.Drawable)
android.support.v4.view.ViewPager: void setPageMarginDrawable(int)
android.support.v4.view.ViewPager: void setScrollingCacheEnabled(boolean)
android.support.v4.view.ViewPager$SavedState
android.support.v4.view.ViewPager$SavedState: android.os.Parcelable$Creator CREATOR
android.support.v4.widget.DrawerLayout
android.support.v4.widget.DrawerLayout: DrawerLayout(android.content.Context)
android.support.v4.widget.DrawerLayout: DrawerLayout(android.content.Context,android.util.AttributeSet)
android.support.v4.widget.DrawerLayout: DrawerLayout(android.content.Context,android.util.AttributeSet,int)
android.support.v4.widget.DrawerLayout: void setScrimColor(int)
android.support.v4.widget.DrawerLayout: void setDrawerListener(android.support.v4.widget.DrawerLayout$DrawerListener)
android.support.v4.widget.DrawerLayout: void setDrawerLockMode(int)
android.support.v4.widget.DrawerLayout$SavedState
android.support.v4.widget.DrawerLayout$SavedState: android.os.Parcelable$Creator CREATOR