app/mapping.txt
com.xavey.android.AboutFragment -> com.xavey.android.a:
    java.lang.String about_text -> a
    android.view.View onCreateView(android.view.LayoutInflater,android.view.ViewGroup,android.os.Bundle) -> onCreateView
    void loadProperties() -> a
com.xavey.android.ApplicationValues -> com.xavey.android.b:
    int numberOfForm -> a
    java.util.ArrayList userFormList -> b
    com.xavey.android.model.User loginUser -> c
    java.lang.String documentName -> d
    int REQUEST_DRAWING -> e
    int REQUEST_CAMERA -> f
    int SELECT_FILE -> g
    java.lang.String FIELD_NAME_TMP -> h
    java.lang.String FIELD_TYPE_TMP -> i
    java.lang.String FIELD_HELP_TMP -> j
    java.lang.String VIEW_ID_TMP -> k
    java.lang.String IMAGE_PATH_TMP -> l
    java.lang.String PHOTO_NAME_TMP -> m
    android.content.Context appContext -> n
    android.app.Activity mainActivity -> o
    java.io.File XAVEY_DIRECTORY -> p
    com.xavey.android.model.FONT CURRENT_FONT -> q
    boolean IS_RECORDING_NOW -> r
    java.lang.String UNIQUE_DEVICE_ID -> s
    com.xavey.android.ApplicationValues$LOGIN_TYPE CURRENT_LOGIN_MODE -> t
com.xavey.android.ApplicationValues$LOGIN_TYPE -> com.xavey.android.c:
    com.xavey.android.ApplicationValues$LOGIN_TYPE DEMO_LOGIN -> a
    com.xavey.android.ApplicationValues$LOGIN_TYPE REGULAR_LOGIN -> b
    com.xavey.android.ApplicationValues$LOGIN_TYPE[] $VALUES -> c
    com.xavey.android.ApplicationValues$LOGIN_TYPE[] values() -> values
    com.xavey.android.ApplicationValues$LOGIN_TYPE valueOf(java.lang.String) -> valueOf
com.xavey.android.DocumentInputActivity -> com.xavey.android.DocumentInputActivity:
    android.widget.LinearLayout lL -> a
    android.widget.ScrollView scrollView -> b
    com.xavey.android.util.JSONReader jsonReader -> c
    android.widget.Button btnSubmit -> d
    android.widget.EditText documentName -> e
    android.widget.TextView errorMsg -> f
    android.content.Intent intent -> g
    com.xavey.android.db.XaveyDBHelper dbHelper -> h
    android.util.DisplayMetrics dm -> i
    int screenWidth -> j
    int screenHeight -> k
    com.xavey.android.util.JSONWriter jsonWriter -> l
    java.lang.Boolean isInternetAvailable -> m
    com.xavey.android.util.ConnectionDetector connectionDetector -> n
    com.xavey.android.model.Form currentForm -> o
    java.util.ArrayList formFieldsList -> p
    java.util.ArrayList formRefList -> q
    boolean isAllRequiredFieldFilled -> r
    java.util.ArrayList imagesToSubmit -> s
    com.xavey.android.util.TypeFaceManager typeface -> t
    void onCreate(android.os.Bundle) -> onCreate
    boolean getFieldRequired(java.lang.String) -> a
    java.util.HashMap getValuesFromLayout(android.widget.LinearLayout) -> a
    boolean onOptionsItemSelected(android.view.MenuItem) -> onOptionsItemSelected
    void loadUI() -> a
    void getScreenInfo() -> b
    java.lang.String getCurrentDate() -> c
    void onActivityResult(int,int,android.content.Intent) -> onActivityResult
    java.lang.String getPath(android.net.Uri,android.app.Activity) -> a
com.xavey.android.DocumentInputActivity$1 -> com.xavey.android.d:
    com.xavey.android.DocumentInputActivity this$0 -> a
    void onClick(android.view.View) -> onClick
com.xavey.android.DrawerItem -> com.xavey.android.e:
    int ImageId -> a
    java.lang.String ItemName -> b
    int getImageId() -> a
    java.lang.String getItemName() -> b
com.xavey.android.HistoryFragment -> com.xavey.android.f:
    java.lang.String ITEM_NAME -> a
    com.xavey.android.db.XaveyDBHelper db -> b
    android.widget.ListView historyListView -> c
    java.util.ArrayList documentList -> d
    com.xavey.android.HistoryFragment$DocumentPagerAdapter documentAdapter -> e
    android.view.View onCreateView(android.view.LayoutInflater,android.view.ViewGroup,android.os.Bundle) -> onCreateView
    void refreshData() -> a
    void onDestroyView() -> onDestroyView
    void loadUI(android.view.View) -> a
...
android.support.v4.widget.DrawerLayout$AccessibilityDelegate -> android.support.v4.widget.a:
    android.graphics.Rect mTmpRect -> c
    android.support.v4.widget.DrawerLayout this$0 -> b
    void onInitializeAccessibilityNodeInfo(android.view.View,android.support.v4.view.accessibility.AccessibilityNodeInfoCompat) -> a
    void addChildrenForAccessibility(android.support.v4.view.accessibility.AccessibilityNodeInfoCompat,android.view.ViewGroup) -> a
    boolean onRequestSendAccessibilityEvent(android.view.ViewGroup,android.view.View,android.view.accessibility.AccessibilityEvent) -> a
    boolean filter(android.view.View) -> b
    void copyNodeInfoNoChildren(android.support.v4.view.accessibility.AccessibilityNodeInfoCompat,android.support.v4.view.accessibility.AccessibilityNodeInfoCompat) -> a
android.support.v4.widget.DrawerLayout$DrawerListener -> android.support.v4.widget.b:
    void onDrawerSlide(android.view.View,float) -> a
    void onDrawerOpened(android.view.View) -> a
    void onDrawerClosed(android.view.View) -> b
    void onDrawerStateChanged(int) -> a
android.support.v4.widget.DrawerLayout$LayoutParams -> android.support.v4.widget.c:
    int gravity -> a
    float onScreen -> b
    boolean isPeeking -> c
    boolean knownOpen -> d
android.support.v4.widget.DrawerLayout$SavedState -> android.support.v4.widget.DrawerLayout$SavedState:
    int openDrawerGravity -> a
    int lockModeLeft -> b
    int lockModeRight -> c
    android.os.Parcelable$Creator CREATOR -> CREATOR
    void writeToParcel(android.os.Parcel,int) -> writeToParcel
android.support.v4.widget.DrawerLayout$SavedState$1 -> android.support.v4.widget.d:
    android.support.v4.widget.DrawerLayout$SavedState createFromParcel(android.os.Parcel) -> a
    android.support.v4.widget.DrawerLayout$SavedState[] newArray(int) -> a
    java.lang.Object[] newArray(int) -> newArray
    java.lang.Object createFromParcel(android.os.Parcel) -> createFromParcel
android.support.v4.widget.DrawerLayout$ViewDragCallback -> android.support.v4.widget.e:
    int mAbsGravity -> b
    android.support.v4.widget.ViewDragHelper mDragger -> c
    java.lang.Runnable mPeekRunnable -> d
    android.support.v4.widget.DrawerLayout this$0 -> a
    void setDragger(android.support.v4.widget.ViewDragHelper) -> a
    void removeCallbacks() -> a
    boolean tryCaptureView(android.view.View,int) -> a
    void onViewDragStateChanged(int) -> a
    void onViewPositionChanged(android.view.View,int,int,int,int) -> a
    void onViewCaptured(android.view.View,int) -> b
    void closeOtherDrawer() -> b
    void onViewReleased(android.view.View,float,float) -> a
    void onEdgeTouched(int,int) -> a
    void peekDrawer() -> c
    boolean onEdgeLock(int) -> b
    void onEdgeDragStarted(int,int) -> b
    int getViewHorizontalDragRange(android.view.View) -> a
    int clampViewPositionHorizontal(android.view.View,int,int) -> a
    int clampViewPositionVertical(android.view.View,int,int) -> b
    void access$000(android.support.v4.widget.DrawerLayout$ViewDragCallback) -> a
android.support.v4.widget.DrawerLayout$ViewDragCallback$1 -> android.support.v4.widget.f:
    android.support.v4.widget.DrawerLayout$ViewDragCallback this$1 -> a
    void run() -> run
android.support.v4.widget.EdgeEffectCompat -> android.support.v4.widget.g:
    java.lang.Object mEdgeEffect -> a
    android.support.v4.widget.EdgeEffectCompat$EdgeEffectImpl IMPL -> b
    void setSize(int,int) -> a
    boolean isFinished() -> a
    void finish() -> b
    boolean onPull(float) -> a
    boolean onRelease() -> c
    boolean draw(android.graphics.Canvas) -> a