app/unused.txt
com.xavey.android.ApplicationValues:
    14:43:public ApplicationValues()
com.xavey.android.BuildConfig
com.xavey.android.CSVExportFragment
com.xavey.android.CSVExportFragment$1
com.xavey.android.CustomViewPager
com.xavey.android.DocumentInputActivity:
    java.lang.String formName
com.xavey.android.DrawerItem:
    19:20:public void setImageId(int)
    27:28:public void setItemName(java.lang.String)
com.xavey.android.HomeFragment:
    public static final java.lang.String ITEM_NAME
com.xavey.android.LoginActivity:
    574:590:private byte[] getLogoImage(java.lang.String)
com.xavey.android.LoginActivity$AuthenticateTask:
    340:345:private boolean isNumberInvolved(java.lang.String,java.lang.String)
com.xavey.android.LoginActivity$LoginAsynTask:
    com.xavey.android.util.XaveyProperties xavey_properties
com.xavey.android.OneQuestionOneView:
    com.xavey.android.util.TypeFaceManager typeface
    1016:1023:private int findIndexByFieldID(int)
    2949:2952:private void previous(int)
    3636:3645:private boolean isSelectedAnyCheckBox(android.widget.LinearLayout)
com.xavey.android.OneQuestionOneView$1:
    java.lang.String fieldRequired
    java.lang.String layoutID
com.xavey.android.QuestionFragment:
    54:54:public int getField_id()
com.xavey.android.R
com.xavey.android.R$attr
com.xavey.android.R$color
com.xavey.android.R$dimen
com.xavey.android.R$drawable
com.xavey.android.R$id
com.xavey.android.R$layout
com.xavey.android.R$menu
com.xavey.android.R$string
com.xavey.android.R$style
com.xavey.android.R$xml
com.xavey.android.SettingFragment:
    public static final java.lang.String ITEM_NAME
com.xavey.android.ShowDocumentDetailActivity:
    android.widget.LinearLayout lL
    android.content.Intent intent
    java.lang.String form_id
    java.lang.String form_name
    java.lang.String form_title
    java.util.ArrayList formFieldsList
com.xavey.android.ShowDocumentDetailActivity$JSONSubmitTask
com.xavey.android.adapter.FormAdapter:
    android.content.Intent i
    64:64:public com.xavey.android.model.Form getSelectedForm(int)
com.xavey.android.adapter.NumberSetAdapter:
    44:44:public java.util.ArrayList getData()
    79:79:public void setView(int,int)
com.xavey.android.adapter.RatingSetAdapter:
    44:45:public void setData(java.util.ArrayList)
com.xavey.android.adapter.SmartFragmentStatePagerAdapter:
    37:37:public android.support.v4.app.Fragment getRegisteredFragment(int)
com.xavey.android.adapter.SyncAdapter:
    26:29:public SyncAdapter(android.content.Context,boolean,boolean)
com.xavey.android.adapter.TextSetAdapter:
    42:42:public java.util.ArrayList getData()
...
android.support.v4.os.EnvironmentCompatKitKat
android.support.v4.os.ParcelableCompat:
    26:42:public ParcelableCompat()
android.support.v4.os.ParcelableCompatCreatorHoneycombMR2Stub:
    22:22:ParcelableCompatCreatorHoneycombMR2Stub()
android.support.v4.print.PrintHelper
android.support.v4.print.PrintHelper$1
android.support.v4.print.PrintHelper$PrintHelperKitkatImpl
android.support.v4.print.PrintHelper$PrintHelperStubImpl
android.support.v4.print.PrintHelper$PrintHelperVersionImpl
android.support.v4.print.PrintHelperKitkat
android.support.v4.print.PrintHelperKitkat$1
android.support.v4.text.BidiFormatter
android.support.v4.text.BidiFormatter$1
android.support.v4.text.BidiFormatter$Builder
android.support.v4.text.BidiFormatter$DirectionalityEstimator
android.support.v4.text.ICUCompat
android.support.v4.text.ICUCompat$ICUCompatImpl
android.support.v4.text.ICUCompat$ICUCompatImplBase
android.support.v4.text.ICUCompat$ICUCompatImplIcs
android.support.v4.text.ICUCompatIcs
android.support.v4.text.TextDirectionHeuristicCompat
android.support.v4.text.TextDirectionHeuristicsCompat
android.support.v4.text.TextDirectionHeuristicsCompat$1
android.support.v4.text.TextDirectionHeuristicsCompat$AnyStrong
android.support.v4.text.TextDirectionHeuristicsCompat$FirstStrong
android.support.v4.text.TextDirectionHeuristicsCompat$TextDirectionAlgorithm
android.support.v4.text.TextDirectionHeuristicsCompat$TextDirectionHeuristicImpl
android.support.v4.text.TextDirectionHeuristicsCompat$TextDirectionHeuristicInternal
android.support.v4.text.TextDirectionHeuristicsCompat$TextDirectionHeuristicLocale
android.support.v4.text.TextUtilsCompat
android.support.v4.util.ArrayMap:
    61:62:public ArrayMap(int)
    68:69:public ArrayMap(android.support.v4.util.SimpleArrayMap)
    130:130:public boolean containsAll(java.util.Collection)
    151:151:public boolean removeAll(java.util.Collection)
    161:161:public boolean retainAll(java.util.Collection)
android.support.v4.util.AtomicFile
android.support.v4.util.ContainerHelpers:
    19:19:ContainerHelpers()
    29:29:public static int idealLongArraySize(int)
    65:80:static int binarySearch(long[],int,long)
android.support.v4.util.DebugUtils:
    25:25:public DebugUtils()
android.support.v4.util.LongSparseArray
android.support.v4.util.LruCache
android.support.v4.util.SimpleArrayMap:
    private static final boolean DEBUG
    private static final java.lang.String TAG
    private static final int BASE_SIZE
    private static final int CACHE_SIZE
    217:225:public SimpleArrayMap(int)
    231:235:public SimpleArrayMap(android.support.v4.util.SimpleArrayMap)
    419:432:public void putAll(android.support.v4.util.SimpleArrayMap)
android.support.v4.util.SparseArrayCompat:
    76:76:public java.lang.Object get(int)
    85:90:public java.lang.Object get(int,java.lang.Object)
    98:106:public void delete(int)
    112:113:public void remove(int)
    119:123:public void removeAt(int)
    132:136:public void removeAtRange(int,int)
    172:216:public void put(int,java.lang.Object)
    263:268:public void setValueAt(int,java.lang.Object)
    276:280:public int indexOfKey(int)
    294:302:public int indexOfValue(java.lang.Object)
    325:352:public void append(int,java.lang.Object)
android.support.v4.util.TimeUtils
android.support.v4.view.AccessibilityDelegateCompatIcs:
    28:30:AccessibilityDelegateCompatIcs()
android.support.v4.view.AccessibilityDelegateCompatJellyBean:
    30:32:AccessibilityDelegateCompatJellyBean()
android.support.v4.view.ActionProvider
android.support.v4.view.ActionProvider$SubUiVisibilityListener
android.support.v4.view.ActionProvider$VisibilityListener
android.support.v4.view.GestureDetectorCompat
android.support.v4.view.GestureDetectorCompat$GestureDetectorCompatImpl
android.support.v4.view.GestureDetectorCompat$GestureDetectorCompatImplBase
android.support.v4.view.GestureDetectorCompat$GestureDetectorCompatImplBase$GestureHandler